==9710== Memcheck, a memory error detector
==9710== Copyright (C) 2002-2017, and GNU GPL'd, by Julian Seward et al.
==9710== Using Valgrind-3.18.1 and LibVEX; rerun with -h for copyright info
==9710== Command: ./controller
==9710== Parent PID: 657
==9710== 
==9710== Conditional jump or move depends on uninitialised value(s)
==9710==    at 0x4D0463E: CArm::addMoveVec(std::vector<double, std::allocator<double> > const&, bool, double) (in /home/passenger/courseWSL/Controller/arm_controller/lib/libcontroller.so)
==9710==    by 0x4D1F0FC: ArmRACOS::evaluate(Instance&) (in /home/passenger/courseWSL/Controller/arm_controller/lib/libcontroller.so)
==9710==    by 0x4D32932: Racos::Initialize() (in /home/passenger/courseWSL/Controller/arm_controller/lib/libcontroller.so)
==9710==    by 0x4D33679: Racos::Mix() (in /home/passenger/courseWSL/Controller/arm_controller/lib/libcontroller.so)
==9710==    by 0x4D1C892: ArmRACOS::run() (in /home/passenger/courseWSL/Controller/arm_controller/lib/libcontroller.so)
==9710==    by 0x4D0EDAA: arm_control(std::__cxx11::basic_string<char, std::char_traits<char>, std::allocator<char> >, int) (in /home/passenger/courseWSL/Controller/arm_controller/lib/libcontroller.so)
==9710==    by 0x161E38: ArmControllerServer::oneRun(std::__cxx11::basic_string<char, std::char_traits<char>, std::allocator<char> >, int, bool) (ArmControllerServer.cpp:81)
==9710==    by 0x15DA8E: main (main.cpp:14)
==9710==  Uninitialised value was created by a heap allocation
==9710==    at 0x4849013: operator new(unsigned long) (in /usr/libexec/valgrind/vgpreload_memcheck-amd64-linux.so)
==9710==    by 0x4D2F590: void std::vector<ArmTask, std::allocator<ArmTask> >::_M_realloc_insert<ArmTask>(__gnu_cxx::__normal_iterator<ArmTask*, std::vector<ArmTask, std::allocator<ArmTask> > >, ArmTask&&) (in /home/passenger/courseWSL/Controller/arm_controller/lib/libcontroller.so)
==9710==    by 0x4D2DD5D: JsonReader::parse_tasks() const (in /home/passenger/courseWSL/Controller/arm_controller/lib/libcontroller.so)
==9710==    by 0x4D0F9D2: ArmRACOS::ArmRACOS(JsonReader const&, std::vector<obs_type, std::allocator<obs_type> > const&, double (*)(Instance&), int) (in /home/passenger/courseWSL/Controller/arm_controller/lib/libcontroller.so)
==9710==    by 0x4D0ED90: arm_control(std::__cxx11::basic_string<char, std::char_traits<char>, std::allocator<char> >, int) (in /home/passenger/courseWSL/Controller/arm_controller/lib/libcontroller.so)
==9710==    by 0x161E38: ArmControllerServer::oneRun(std::__cxx11::basic_string<char, std::char_traits<char>, std::allocator<char> >, int, bool) (ArmControllerServer.cpp:81)
==9710==    by 0x15DA8E: main (main.cpp:14)
==9710== 
==9710== Conditional jump or move depends on uninitialised value(s)
==9710==    at 0x4D0468A: CArm::addMoveVec(std::vector<double, std::allocator<double> > const&, bool, double) (in /home/passenger/courseWSL/Controller/arm_controller/lib/libcontroller.so)
==9710==    by 0x4D1F0FC: ArmRACOS::evaluate(Instance&) (in /home/passenger/courseWSL/Controller/arm_controller/lib/libcontroller.so)
==9710==    by 0x4D32932: Racos::Initialize() (in /home/passenger/courseWSL/Controller/arm_controller/lib/libcontroller.so)
==9710==    by 0x4D33679: Racos::Mix() (in /home/passenger/courseWSL/Controller/arm_controller/lib/libcontroller.so)
==9710==    by 0x4D1C892: ArmRACOS::run() (in /home/passenger/courseWSL/Controller/arm_controller/lib/libcontroller.so)
==9710==    by 0x4D0EDAA: arm_control(std::__cxx11::basic_string<char, std::char_traits<char>, std::allocator<char> >, int) (in /home/passenger/courseWSL/Controller/arm_controller/lib/libcontroller.so)
==9710==    by 0x161E38: ArmControllerServer::oneRun(std::__cxx11::basic_string<char, std::char_traits<char>, std::allocator<char> >, int, bool) (ArmControllerServer.cpp:81)
==9710==    by 0x15DA8E: main (main.cpp:14)
==9710==  Uninitialised value was created by a heap allocation
==9710==    at 0x4849013: operator new(unsigned long) (in /usr/libexec/valgrind/vgpreload_memcheck-amd64-linux.so)
==9710==    by 0x4D2F590: void std::vector<ArmTask, std::allocator<ArmTask> >::_M_realloc_insert<ArmTask>(__gnu_cxx::__normal_iterator<ArmTask*, std::vector<ArmTask, std::allocator<ArmTask> > >, ArmTask&&) (in /home/passenger/courseWSL/Controller/arm_controller/lib/libcontroller.so)
==9710==    by 0x4D2DD5D: JsonReader::parse_tasks() const (in /home/passenger/courseWSL/Controller/arm_controller/lib/libcontroller.so)
==9710==    by 0x4D0F9D2: ArmRACOS::ArmRACOS(JsonReader const&, std::vector<obs_type, std::allocator<obs_type> > const&, double (*)(Instance&), int) (in /home/passenger/courseWSL/Controller/arm_controller/lib/libcontroller.so)
==9710==    by 0x4D0ED90: arm_control(std::__cxx11::basic_string<char, std::char_traits<char>, std::allocator<char> >, int) (in /home/passenger/courseWSL/Controller/arm_controller/lib/libcontroller.so)
==9710==    by 0x161E38: ArmControllerServer::oneRun(std::__cxx11::basic_string<char, std::char_traits<char>, std::allocator<char> >, int, bool) (ArmControllerServer.cpp:81)
==9710==    by 0x15DA8E: main (main.cpp:14)
==9710== 
==9710== Conditional jump or move depends on uninitialised value(s)
==9710==    at 0x4D046D2: CArm::addMoveVec(std::vector<double, std::allocator<double> > const&, bool, double) (in /home/passenger/courseWSL/Controller/arm_controller/lib/libcontroller.so)
==9710==    by 0x4D1F0FC: ArmRACOS::evaluate(Instance&) (in /home/passenger/courseWSL/Controller/arm_controller/lib/libcontroller.so)
==9710==    by 0x4D32932: Racos::Initialize() (in /home/passenger/courseWSL/Controller/arm_controller/lib/libcontroller.so)
==9710==    by 0x4D33679: Racos::Mix() (in /home/passenger/courseWSL/Controller/arm_controller/lib/libcontroller.so)
==9710==    by 0x4D1C892: ArmRACOS::run() (in /home/passenger/courseWSL/Controller/arm_controller/lib/libcontroller.so)
==9710==    by 0x4D0EDAA: arm_control(std::__cxx11::basic_string<char, std::char_traits<char>, std::allocator<char> >, int) (in /home/passenger/courseWSL/Controller/arm_controller/lib/libcontroller.so)
==9710==    by 0x161E38: ArmControllerServer::oneRun(std::__cxx11::basic_string<char, std::char_traits<char>, std::allocator<char> >, int, bool) (ArmControllerServer.cpp:81)
==9710==    by 0x15DA8E: main (main.cpp:14)
==9710==  Uninitialised value was created by a heap allocation
==9710==    at 0x4849013: operator new(unsigned long) (in /usr/libexec/valgrind/vgpreload_memcheck-amd64-linux.so)
==9710==    by 0x4D2F590: void std::vector<ArmTask, std::allocator<ArmTask> >::_M_realloc_insert<ArmTask>(__gnu_cxx::__normal_iterator<ArmTask*, std::vector<ArmTask, std::allocator<ArmTask> > >, ArmTask&&) (in /home/passenger/courseWSL/Controller/arm_controller/lib/libcontroller.so)
==9710==    by 0x4D2DD5D: JsonReader::parse_tasks() const (in /home/passenger/courseWSL/Controller/arm_controller/lib/libcontroller.so)
==9710==    by 0x4D0F9D2: ArmRACOS::ArmRACOS(JsonReader const&, std::vector<obs_type, std::allocator<obs_type> > const&, double (*)(Instance&), int) (in /home/passenger/courseWSL/Controller/arm_controller/lib/libcontroller.so)
==9710==    by 0x4D0ED90: arm_control(std::__cxx11::basic_string<char, std::char_traits<char>, std::allocator<char> >, int) (in /home/passenger/courseWSL/Controller/arm_controller/lib/libcontroller.so)
==9710==    by 0x161E38: ArmControllerServer::oneRun(std::__cxx11::basic_string<char, std::char_traits<char>, std::allocator<char> >, int, bool) (ArmControllerServer.cpp:81)
==9710==    by 0x15DA8E: main (main.cpp:14)
==9710== 
==9710== Conditional jump or move depends on uninitialised value(s)
==9710==    at 0x4D0471D: CArm::addMoveVec(std::vector<double, std::allocator<double> > const&, bool, double) (in /home/passenger/courseWSL/Controller/arm_controller/lib/libcontroller.so)
==9710==    by 0x4D1F0FC: ArmRACOS::evaluate(Instance&) (in /home/passenger/courseWSL/Controller/arm_controller/lib/libcontroller.so)
==9710==    by 0x4D32932: Racos::Initialize() (in /home/passenger/courseWSL/Controller/arm_controller/lib/libcontroller.so)
==9710==    by 0x4D33679: Racos::Mix() (in /home/passenger/courseWSL/Controller/arm_controller/lib/libcontroller.so)
==9710==    by 0x4D1C892: ArmRACOS::run() (in /home/passenger/courseWSL/Controller/arm_controller/lib/libcontroller.so)
==9710==    by 0x4D0EDAA: arm_control(std::__cxx11::basic_string<char, std::char_traits<char>, std::allocator<char> >, int) (in /home/passenger/courseWSL/Controller/arm_controller/lib/libcontroller.so)
==9710==    by 0x161E38: ArmControllerServer::oneRun(std::__cxx11::basic_string<char, std::char_traits<char>, std::allocator<char> >, int, bool) (ArmControllerServer.cpp:81)
==9710==    by 0x15DA8E: main (main.cpp:14)
==9710==  Uninitialised value was created by a heap allocation
==9710==    at 0x4849013: operator new(unsigned long) (in /usr/libexec/valgrind/vgpreload_memcheck-amd64-linux.so)
==9710==    by 0x4D2F590: void std::vector<ArmTask, std::allocator<ArmTask> >::_M_realloc_insert<ArmTask>(__gnu_cxx::__normal_iterator<ArmTask*, std::vector<ArmTask, std::allocator<ArmTask> > >, ArmTask&&) (in /home/passenger/courseWSL/Controller/arm_controller/lib/libcontroller.so)
==9710==    by 0x4D2DD5D: JsonReader::parse_tasks() const (in /home/passenger/courseWSL/Controller/arm_controller/lib/libcontroller.so)
==9710==    by 0x4D0F9D2: ArmRACOS::ArmRACOS(JsonReader const&, std::vector<obs_type, std::allocator<obs_type> > const&, double (*)(Instance&), int) (in /home/passenger/courseWSL/Controller/arm_controller/lib/libcontroller.so)
==9710==    by 0x4D0ED90: arm_control(std::__cxx11::basic_string<char, std::char_traits<char>, std::allocator<char> >, int) (in /home/passenger/courseWSL/Controller/arm_controller/lib/libcontroller.so)
==9710==    by 0x161E38: ArmControllerServer::oneRun(std::__cxx11::basic_string<char, std::char_traits<char>, std::allocator<char> >, int, bool) (ArmControllerServer.cpp:81)
==9710==    by 0x15DA8E: main (main.cpp:14)
==9710== 
==9710== Conditional jump or move depends on uninitialised value(s)
==9710==    at 0x4D04768: CArm::addMoveVec(std::vector<double, std::allocator<double> > const&, bool, double) (in /home/passenger/courseWSL/Controller/arm_controller/lib/libcontroller.so)
==9710==    by 0x4D1F0FC: ArmRACOS::evaluate(Instance&) (in /home/passenger/courseWSL/Controller/arm_controller/lib/libcontroller.so)
==9710==    by 0x4D32932: Racos::Initialize() (in /home/passenger/courseWSL/Controller/arm_controller/lib/libcontroller.so)
==9710==    by 0x4D33679: Racos::Mix() (in /home/passenger/courseWSL/Controller/arm_controller/lib/libcontroller.so)
==9710==    by 0x4D1C892: ArmRACOS::run() (in /home/passenger/courseWSL/Controller/arm_controller/lib/libcontroller.so)
==9710==    by 0x4D0EDAA: arm_control(std::__cxx11::basic_string<char, std::char_traits<char>, std::allocator<char> >, int) (in /home/passenger/courseWSL/Controller/arm_controller/lib/libcontroller.so)
==9710==    by 0x161E38: ArmControllerServer::oneRun(std::__cxx11::basic_string<char, std::char_traits<char>, std::allocator<char> >, int, bool) (ArmControllerServer.cpp:81)
==9710==    by 0x15DA8E: main (main.cpp:14)
==9710==  Uninitialised value was created by a heap allocation
==9710==    at 0x4849013: operator new(unsigned long) (in /usr/libexec/valgrind/vgpreload_memcheck-amd64-linux.so)
==9710==    by 0x4D2F590: void std::vector<ArmTask, std::allocator<ArmTask> >::_M_realloc_insert<ArmTask>(__gnu_cxx::__normal_iterator<ArmTask*, std::vector<ArmTask, std::allocator<ArmTask> > >, ArmTask&&) (in /home/passenger/courseWSL/Controller/arm_controller/lib/libcontroller.so)
==9710==    by 0x4D2DD5D: JsonReader::parse_tasks() const (in /home/passenger/courseWSL/Controller/arm_controller/lib/libcontroller.so)
==9710==    by 0x4D0F9D2: ArmRACOS::ArmRACOS(JsonReader const&, std::vector<obs_type, std::allocator<obs_type> > const&, double (*)(Instance&), int) (in /home/passenger/courseWSL/Controller/arm_controller/lib/libcontroller.so)
==9710==    by 0x4D0ED90: arm_control(std::__cxx11::basic_string<char, std::char_traits<char>, std::allocator<char> >, int) (in /home/passenger/courseWSL/Controller/arm_controller/lib/libcontroller.so)
==9710==    by 0x161E38: ArmControllerServer::oneRun(std::__cxx11::basic_string<char, std::char_traits<char>, std::allocator<char> >, int, bool) (ArmControllerServer.cpp:81)
==9710==    by 0x15DA8E: main (main.cpp:14)
==9710== 
==9710== Conditional jump or move depends on uninitialised value(s)
==9710==    at 0x4D047B3: CArm::addMoveVec(std::vector<double, std::allocator<double> > const&, bool, double) (in /home/passenger/courseWSL/Controller/arm_controller/lib/libcontroller.so)
==9710==    by 0x4D1F0FC: ArmRACOS::evaluate(Instance&) (in /home/passenger/courseWSL/Controller/arm_controller/lib/libcontroller.so)
==9710==    by 0x4D32932: Racos::Initialize() (in /home/passenger/courseWSL/Controller/arm_controller/lib/libcontroller.so)
==9710==    by 0x4D33679: Racos::Mix() (in /home/passenger/courseWSL/Controller/arm_controller/lib/libcontroller.so)
==9710==    by 0x4D1C892: ArmRACOS::run() (in /home/passenger/courseWSL/Controller/arm_controller/lib/libcontroller.so)
==9710==    by 0x4D0EDAA: arm_control(std::__cxx11::basic_string<char, std::char_traits<char>, std::allocator<char> >, int) (in /home/passenger/courseWSL/Controller/arm_controller/lib/libcontroller.so)
==9710==    by 0x161E38: ArmControllerServer::oneRun(std::__cxx11::basic_string<char, std::char_traits<char>, std::allocator<char> >, int, bool) (ArmControllerServer.cpp:81)
==9710==    by 0x15DA8E: main (main.cpp:14)
==9710==  Uninitialised value was created by a heap allocation
==9710==    at 0x4849013: operator new(unsigned long) (in /usr/libexec/valgrind/vgpreload_memcheck-amd64-linux.so)
==9710==    by 0x4D2F590: void std::vector<ArmTask, std::allocator<ArmTask> >::_M_realloc_insert<ArmTask>(__gnu_cxx::__normal_iterator<ArmTask*, std::vector<ArmTask, std::allocator<ArmTask> > >, ArmTask&&) (in /home/passenger/courseWSL/Controller/arm_controller/lib/libcontroller.so)
==9710==    by 0x4D2DD5D: JsonReader::parse_tasks() const (in /home/passenger/courseWSL/Controller/arm_controller/lib/libcontroller.so)
==9710==    by 0x4D0F9D2: ArmRACOS::ArmRACOS(JsonReader const&, std::vector<obs_type, std::allocator<obs_type> > const&, double (*)(Instance&), int) (in /home/passenger/courseWSL/Controller/arm_controller/lib/libcontroller.so)
==9710==    by 0x4D0ED90: arm_control(std::__cxx11::basic_string<char, std::char_traits<char>, std::allocator<char> >, int) (in /home/passenger/courseWSL/Controller/arm_controller/lib/libcontroller.so)
==9710==    by 0x161E38: ArmControllerServer::oneRun(std::__cxx11::basic_string<char, std::char_traits<char>, std::allocator<char> >, int, bool) (ArmControllerServer.cpp:81)
==9710==    by 0x15DA8E: main (main.cpp:14)
==9710== 
==9710== Conditional jump or move depends on uninitialised value(s)
==9710==    at 0x4D03DB7: CArm::addMoveVec(std::vector<double, std::allocator<double> > const&, bool, double) (in /home/passenger/courseWSL/Controller/arm_controller/lib/libcontroller.so)
==9710==    by 0x4D1F0FC: ArmRACOS::evaluate(Instance&) (in /home/passenger/courseWSL/Controller/arm_controller/lib/libcontroller.so)
==9710==    by 0x4D32932: Racos::Initialize() (in /home/passenger/courseWSL/Controller/arm_controller/lib/libcontroller.so)
==9710==    by 0x4D33679: Racos::Mix() (in /home/passenger/courseWSL/Controller/arm_controller/lib/libcontroller.so)
==9710==    by 0x4D1C892: ArmRACOS::run() (in /home/passenger/courseWSL/Controller/arm_controller/lib/libcontroller.so)
==9710==    by 0x4D0EDAA: arm_control(std::__cxx11::basic_string<char, std::char_traits<char>, std::allocator<char> >, int) (in /home/passenger/courseWSL/Controller/arm_controller/lib/libcontroller.so)
==9710==    by 0x161E38: ArmControllerServer::oneRun(std::__cxx11::basic_string<char, std::char_traits<char>, std::allocator<char> >, int, bool) (ArmControllerServer.cpp:81)
==9710==    by 0x15DA8E: main (main.cpp:14)
==9710==  Uninitialised value was created by a heap allocation
==9710==    at 0x4849013: operator new(unsigned long) (in /usr/libexec/valgrind/vgpreload_memcheck-amd64-linux.so)
==9710==    by 0x4D2F590: void std::vector<ArmTask, std::allocator<ArmTask> >::_M_realloc_insert<ArmTask>(__gnu_cxx::__normal_iterator<ArmTask*, std::vector<ArmTask, std::allocator<ArmTask> > >, ArmTask&&) (in /home/passenger/courseWSL/Controller/arm_controller/lib/libcontroller.so)
==9710==    by 0x4D2DD5D: JsonReader::parse_tasks() const (in /home/passenger/courseWSL/Controller/arm_controller/lib/libcontroller.so)
==9710==    by 0x4D0F9D2: ArmRACOS::ArmRACOS(JsonReader const&, std::vector<obs_type, std::allocator<obs_type> > const&, double (*)(Instance&), int) (in /home/passenger/courseWSL/Controller/arm_controller/lib/libcontroller.so)
==9710==    by 0x4D0ED90: arm_control(std::__cxx11::basic_string<char, std::char_traits<char>, std::allocator<char> >, int) (in /home/passenger/courseWSL/Controller/arm_controller/lib/libcontroller.so)
==9710==    by 0x161E38: ArmControllerServer::oneRun(std::__cxx11::basic_string<char, std::char_traits<char>, std::allocator<char> >, int, bool) (ArmControllerServer.cpp:81)
==9710==    by 0x15DA8E: main (main.cpp:14)
==9710== 
==9710== Conditional jump or move depends on uninitialised value(s)
==9710==    at 0x4D04474: CArm::addMoveVec(std::vector<double, std::allocator<double> > const&, bool, double) (in /home/passenger/courseWSL/Controller/arm_controller/lib/libcontroller.so)
==9710==    by 0x4D1F0FC: ArmRACOS::evaluate(Instance&) (in /home/passenger/courseWSL/Controller/arm_controller/lib/libcontroller.so)
==9710==    by 0x4D32932: Racos::Initialize() (in /home/passenger/courseWSL/Controller/arm_controller/lib/libcontroller.so)
==9710==    by 0x4D33679: Racos::Mix() (in /home/passenger/courseWSL/Controller/arm_controller/lib/libcontroller.so)
==9710==    by 0x4D1C892: ArmRACOS::run() (in /home/passenger/courseWSL/Controller/arm_controller/lib/libcontroller.so)
==9710==    by 0x4D0EDAA: arm_control(std::__cxx11::basic_string<char, std::char_traits<char>, std::allocator<char> >, int) (in /home/passenger/courseWSL/Controller/arm_controller/lib/libcontroller.so)
==9710==    by 0x161E38: ArmControllerServer::oneRun(std::__cxx11::basic_string<char, std::char_traits<char>, std::allocator<char> >, int, bool) (ArmControllerServer.cpp:81)
==9710==    by 0x15DA8E: main (main.cpp:14)
==9710==  Uninitialised value was created by a heap allocation
==9710==    at 0x4849013: operator new(unsigned long) (in /usr/libexec/valgrind/vgpreload_memcheck-amd64-linux.so)
==9710==    by 0x4D2F590: void std::vector<ArmTask, std::allocator<ArmTask> >::_M_realloc_insert<ArmTask>(__gnu_cxx::__normal_iterator<ArmTask*, std::vector<ArmTask, std::allocator<ArmTask> > >, ArmTask&&) (in /home/passenger/courseWSL/Controller/arm_controller/lib/libcontroller.so)
==9710==    by 0x4D2DD5D: JsonReader::parse_tasks() const (in /home/passenger/courseWSL/Controller/arm_controller/lib/libcontroller.so)
==9710==    by 0x4D0F9D2: ArmRACOS::ArmRACOS(JsonReader const&, std::vector<obs_type, std::allocator<obs_type> > const&, double (*)(Instance&), int) (in /home/passenger/courseWSL/Controller/arm_controller/lib/libcontroller.so)
==9710==    by 0x4D0ED90: arm_control(std::__cxx11::basic_string<char, std::char_traits<char>, std::allocator<char> >, int) (in /home/passenger/courseWSL/Controller/arm_controller/lib/libcontroller.so)
==9710==    by 0x161E38: ArmControllerServer::oneRun(std::__cxx11::basic_string<char, std::char_traits<char>, std::allocator<char> >, int, bool) (ArmControllerServer.cpp:81)
==9710==    by 0x15DA8E: main (main.cpp:14)
==9710== 
==9710== Conditional jump or move depends on uninitialised value(s)
==9710==    at 0x4D03DE5: CArm::addMoveVec(std::vector<double, std::allocator<double> > const&, bool, double) (in /home/passenger/courseWSL/Controller/arm_controller/lib/libcontroller.so)
==9710==    by 0x4D1F0FC: ArmRACOS::evaluate(Instance&) (in /home/passenger/courseWSL/Controller/arm_controller/lib/libcontroller.so)
==9710==    by 0x4D32932: Racos::Initialize() (in /home/passenger/courseWSL/Controller/arm_controller/lib/libcontroller.so)
==9710==    by 0x4D33679: Racos::Mix() (in /home/passenger/courseWSL/Controller/arm_controller/lib/libcontroller.so)
==9710==    by 0x4D1C892: ArmRACOS::run() (in /home/passenger/courseWSL/Controller/arm_controller/lib/libcontroller.so)
==9710==    by 0x4D0EDAA: arm_control(std::__cxx11::basic_string<char, std::char_traits<char>, std::allocator<char> >, int) (in /home/passenger/courseWSL/Controller/arm_controller/lib/libcontroller.so)
==9710==    by 0x161E38: ArmControllerServer::oneRun(std::__cxx11::basic_string<char, std::char_traits<char>, std::allocator<char> >, int, bool) (ArmControllerServer.cpp:81)
==9710==    by 0x15DA8E: main (main.cpp:14)
==9710==  Uninitialised value was created by a heap allocation
==9710==    at 0x4849013: operator new(unsigned long) (in /usr/libexec/valgrind/vgpreload_memcheck-amd64-linux.so)
==9710==    by 0x4D2F590: void std::vector<ArmTask, std::allocator<ArmTask> >::_M_realloc_insert<ArmTask>(__gnu_cxx::__normal_iterator<ArmTask*, std::vector<ArmTask, std::allocator<ArmTask> > >, ArmTask&&) (in /home/passenger/courseWSL/Controller/arm_controller/lib/libcontroller.so)
==9710==    by 0x4D2DD5D: JsonReader::parse_tasks() const (in /home/passenger/courseWSL/Controller/arm_controller/lib/libcontroller.so)
==9710==    by 0x4D0F9D2: ArmRACOS::ArmRACOS(JsonReader const&, std::vector<obs_type, std::allocator<obs_type> > const&, double (*)(Instance&), int) (in /home/passenger/courseWSL/Controller/arm_controller/lib/libcontroller.so)
==9710==    by 0x4D0ED90: arm_control(std::__cxx11::basic_string<char, std::char_traits<char>, std::allocator<char> >, int) (in /home/passenger/courseWSL/Controller/arm_controller/lib/libcontroller.so)
==9710==    by 0x161E38: ArmControllerServer::oneRun(std::__cxx11::basic_string<char, std::char_traits<char>, std::allocator<char> >, int, bool) (ArmControllerServer.cpp:81)
==9710==    by 0x15DA8E: main (main.cpp:14)
==9710== 
==9710== Conditional jump or move depends on uninitialised value(s)
==9710==    at 0x4D03E35: CArm::addMoveVec(std::vector<double, std::allocator<double> > const&, bool, double) (in /home/passenger/courseWSL/Controller/arm_controller/lib/libcontroller.so)
==9710==    by 0x4D1F0FC: ArmRACOS::evaluate(Instance&) (in /home/passenger/courseWSL/Controller/arm_controller/lib/libcontroller.so)
==9710==    by 0x4D32932: Racos::Initialize() (in /home/passenger/courseWSL/Controller/arm_controller/lib/libcontroller.so)
==9710==    by 0x4D33679: Racos::Mix() (in /home/passenger/courseWSL/Controller/arm_controller/lib/libcontroller.so)
==9710==    by 0x4D1C892: ArmRACOS::run() (in /home/passenger/courseWSL/Controller/arm_controller/lib/libcontroller.so)
==9710==    by 0x4D0EDAA: arm_control(std::__cxx11::basic_string<char, std::char_traits<char>, std::allocator<char> >, int) (in /home/passenger/courseWSL/Controller/arm_controller/lib/libcontroller.so)
==9710==    by 0x161E38: ArmControllerServer::oneRun(std::__cxx11::basic_string<char, std::char_traits<char>, std::allocator<char> >, int, bool) (ArmControllerServer.cpp:81)
==9710==    by 0x15DA8E: main (main.cpp:14)
==9710==  Uninitialised value was created by a heap allocation
==9710==    at 0x4849013: operator new(unsigned long) (in /usr/libexec/valgrind/vgpreload_memcheck-amd64-linux.so)
==9710==    by 0x4D2F590: void std::vector<ArmTask, std::allocator<ArmTask> >::_M_realloc_insert<ArmTask>(__gnu_cxx::__normal_iterator<ArmTask*, std::vector<ArmTask, std::allocator<ArmTask> > >, ArmTask&&) (in /home/passenger/courseWSL/Controller/arm_controller/lib/libcontroller.so)
==9710==    by 0x4D2DD5D: JsonReader::parse_tasks() const (in /home/passenger/courseWSL/Controller/arm_controller/lib/libcontroller.so)
==9710==    by 0x4D0F9D2: ArmRACOS::ArmRACOS(JsonReader const&, std::vector<obs_type, std::allocator<obs_type> > const&, double (*)(Instance&), int) (in /home/passenger/courseWSL/Controller/arm_controller/lib/libcontroller.so)
==9710==    by 0x4D0ED90: arm_control(std::__cxx11::basic_string<char, std::char_traits<char>, std::allocator<char> >, int) (in /home/passenger/courseWSL/Controller/arm_controller/lib/libcontroller.so)
==9710==    by 0x161E38: ArmControllerServer::oneRun(std::__cxx11::basic_string<char, std::char_traits<char>, std::allocator<char> >, int, bool) (ArmControllerServer.cpp:81)
==9710==    by 0x15DA8E: main (main.cpp:14)
==9710== 
==9710== Conditional jump or move depends on uninitialised value(s)
==9710==    at 0x4D043F4: CArm::addMoveVec(std::vector<double, std::allocator<double> > const&, bool, double) (in /home/passenger/courseWSL/Controller/arm_controller/lib/libcontroller.so)
==9710==    by 0x4D1F0FC: ArmRACOS::evaluate(Instance&) (in /home/passenger/courseWSL/Controller/arm_controller/lib/libcontroller.so)
==9710==    by 0x4D32932: Racos::Initialize() (in /home/passenger/courseWSL/Controller/arm_controller/lib/libcontroller.so)
==9710==    by 0x4D33679: Racos::Mix() (in /home/passenger/courseWSL/Controller/arm_controller/lib/libcontroller.so)
==9710==    by 0x4D1C892: ArmRACOS::run() (in /home/passenger/courseWSL/Controller/arm_controller/lib/libcontroller.so)
==9710==    by 0x4D0EDAA: arm_control(std::__cxx11::basic_string<char, std::char_traits<char>, std::allocator<char> >, int) (in /home/passenger/courseWSL/Controller/arm_controller/lib/libcontroller.so)
==9710==    by 0x161E38: ArmControllerServer::oneRun(std::__cxx11::basic_string<char, std::char_traits<char>, std::allocator<char> >, int, bool) (ArmControllerServer.cpp:81)
==9710==    by 0x15DA8E: main (main.cpp:14)
==9710==  Uninitialised value was created by a heap allocation
==9710==    at 0x4849013: operator new(unsigned long) (in /usr/libexec/valgrind/vgpreload_memcheck-amd64-linux.so)
==9710==    by 0x4D2F590: void std::vector<ArmTask, std::allocator<ArmTask> >::_M_realloc_insert<ArmTask>(__gnu_cxx::__normal_iterator<ArmTask*, std::vector<ArmTask, std::allocator<ArmTask> > >, ArmTask&&) (in /home/passenger/courseWSL/Controller/arm_controller/lib/libcontroller.so)
==9710==    by 0x4D2DD5D: JsonReader::parse_tasks() const (in /home/passenger/courseWSL/Controller/arm_controller/lib/libcontroller.so)
==9710==    by 0x4D0F9D2: ArmRACOS::ArmRACOS(JsonReader const&, std::vector<obs_type, std::allocator<obs_type> > const&, double (*)(Instance&), int) (in /home/passenger/courseWSL/Controller/arm_controller/lib/libcontroller.so)
==9710==    by 0x4D0ED90: arm_control(std::__cxx11::basic_string<char, std::char_traits<char>, std::allocator<char> >, int) (in /home/passenger/courseWSL/Controller/arm_controller/lib/libcontroller.so)
==9710==    by 0x161E38: ArmControllerServer::oneRun(std::__cxx11::basic_string<char, std::char_traits<char>, std::allocator<char> >, int, bool) (ArmControllerServer.cpp:81)
==9710==    by 0x15DA8E: main (main.cpp:14)
==9710== 
==9710== Conditional jump or move depends on uninitialised value(s)
==9710==    at 0x4D03E63: CArm::addMoveVec(std::vector<double, std::allocator<double> > const&, bool, double) (in /home/passenger/courseWSL/Controller/arm_controller/lib/libcontroller.so)
==9710==    by 0x4D1F0FC: ArmRACOS::evaluate(Instance&) (in /home/passenger/courseWSL/Controller/arm_controller/lib/libcontroller.so)
==9710==    by 0x4D32932: Racos::Initialize() (in /home/passenger/courseWSL/Controller/arm_controller/lib/libcontroller.so)
==9710==    by 0x4D33679: Racos::Mix() (in /home/passenger/courseWSL/Controller/arm_controller/lib/libcontroller.so)
==9710==    by 0x4D1C892: ArmRACOS::run() (in /home/passenger/courseWSL/Controller/arm_controller/lib/libcontroller.so)
==9710==    by 0x4D0EDAA: arm_control(std::__cxx11::basic_string<char, std::char_traits<char>, std::allocator<char> >, int) (in /home/passenger/courseWSL/Controller/arm_controller/lib/libcontroller.so)
==9710==    by 0x161E38: ArmControllerServer::oneRun(std::__cxx11::basic_string<char, std::char_traits<char>, std::allocator<char> >, int, bool) (ArmControllerServer.cpp:81)
==9710==    by 0x15DA8E: main (main.cpp:14)
==9710==  Uninitialised value was created by a heap allocation
==9710==    at 0x4849013: operator new(unsigned long) (in /usr/libexec/valgrind/vgpreload_memcheck-amd64-linux.so)
==9710==    by 0x4D2F590: void std::vector<ArmTask, std::allocator<ArmTask> >::_M_realloc_insert<ArmTask>(__gnu_cxx::__normal_iterator<ArmTask*, std::vector<ArmTask, std::allocator<ArmTask> > >, ArmTask&&) (in /home/passenger/courseWSL/Controller/arm_controller/lib/libcontroller.so)
==9710==    by 0x4D2DD5D: JsonReader::parse_tasks() const (in /home/passenger/courseWSL/Controller/arm_controller/lib/libcontroller.so)
==9710==    by 0x4D0F9D2: ArmRACOS::ArmRACOS(JsonReader const&, std::vector<obs_type, std::allocator<obs_type> > const&, double (*)(Instance&), int) (in /home/passenger/courseWSL/Controller/arm_controller/lib/libcontroller.so)
==9710==    by 0x4D0ED90: arm_control(std::__cxx11::basic_string<char, std::char_traits<char>, std::allocator<char> >, int) (in /home/passenger/courseWSL/Controller/arm_controller/lib/libcontroller.so)
==9710==    by 0x161E38: ArmControllerServer::oneRun(std::__cxx11::basic_string<char, std::char_traits<char>, std::allocator<char> >, int, bool) (ArmControllerServer.cpp:81)
==9710==    by 0x15DA8E: main (main.cpp:14)
==9710== 
==9710== Conditional jump or move depends on uninitialised value(s)
==9710==    at 0x4D03EB3: CArm::addMoveVec(std::vector<double, std::allocator<double> > const&, bool, double) (in /home/passenger/courseWSL/Controller/arm_controller/lib/libcontroller.so)
==9710==    by 0x4D1F0FC: ArmRACOS::evaluate(Instance&) (in /home/passenger/courseWSL/Controller/arm_controller/lib/libcontroller.so)
==9710==    by 0x4D32932: Racos::Initialize() (in /home/passenger/courseWSL/Controller/arm_controller/lib/libcontroller.so)
==9710==    by 0x4D33679: Racos::Mix() (in /home/passenger/courseWSL/Controller/arm_controller/lib/libcontroller.so)
==9710==    by 0x4D1C892: ArmRACOS::run() (in /home/passenger/courseWSL/Controller/arm_controller/lib/libcontroller.so)
==9710==    by 0x4D0EDAA: arm_control(std::__cxx11::basic_string<char, std::char_traits<char>, std::allocator<char> >, int) (in /home/passenger/courseWSL/Controller/arm_controller/lib/libcontroller.so)
==9710==    by 0x161E38: ArmControllerServer::oneRun(std::__cxx11::basic_string<char, std::char_traits<char>, std::allocator<char> >, int, bool) (ArmControllerServer.cpp:81)
==9710==    by 0x15DA8E: main (main.cpp:14)
==9710==  Uninitialised value was created by a heap allocation
==9710==    at 0x4849013: operator new(unsigned long) (in /usr/libexec/valgrind/vgpreload_memcheck-amd64-linux.so)
==9710==    by 0x4D2F590: void std::vector<ArmTask, std::allocator<ArmTask> >::_M_realloc_insert<ArmTask>(__gnu_cxx::__normal_iterator<ArmTask*, std::vector<ArmTask, std::allocator<ArmTask> > >, ArmTask&&) (in /home/passenger/courseWSL/Controller/arm_controller/lib/libcontroller.so)
==9710==    by 0x4D2DD5D: JsonReader::parse_tasks() const (in /home/passenger/courseWSL/Controller/arm_controller/lib/libcontroller.so)
==9710==    by 0x4D0F9D2: ArmRACOS::ArmRACOS(JsonReader const&, std::vector<obs_type, std::allocator<obs_type> > const&, double (*)(Instance&), int) (in /home/passenger/courseWSL/Controller/arm_controller/lib/libcontroller.so)
==9710==    by 0x4D0ED90: arm_control(std::__cxx11::basic_string<char, std::char_traits<char>, std::allocator<char> >, int) (in /home/passenger/courseWSL/Controller/arm_controller/lib/libcontroller.so)
==9710==    by 0x161E38: ArmControllerServer::oneRun(std::__cxx11::basic_string<char, std::char_traits<char>, std::allocator<char> >, int, bool) (ArmControllerServer.cpp:81)
==9710==    by 0x15DA8E: main (main.cpp:14)
==9710== 
==9710== Conditional jump or move depends on uninitialised value(s)
==9710==    at 0x4D04374: CArm::addMoveVec(std::vector<double, std::allocator<double> > const&, bool, double) (in /home/passenger/courseWSL/Controller/arm_controller/lib/libcontroller.so)
==9710==    by 0x4D1F0FC: ArmRACOS::evaluate(Instance&) (in /home/passenger/courseWSL/Controller/arm_controller/lib/libcontroller.so)
==9710==    by 0x4D32932: Racos::Initialize() (in /home/passenger/courseWSL/Controller/arm_controller/lib/libcontroller.so)
==9710==    by 0x4D33679: Racos::Mix() (in /home/passenger/courseWSL/Controller/arm_controller/lib/libcontroller.so)
==9710==    by 0x4D1C892: ArmRACOS::run() (in /home/passenger/courseWSL/Controller/arm_controller/lib/libcontroller.so)
==9710==    by 0x4D0EDAA: arm_control(std::__cxx11::basic_string<char, std::char_traits<char>, std::allocator<char> >, int) (in /home/passenger/courseWSL/Controller/arm_controller/lib/libcontroller.so)
==9710==    by 0x161E38: ArmControllerServer::oneRun(std::__cxx11::basic_string<char, std::char_traits<char>, std::allocator<char> >, int, bool) (ArmControllerServer.cpp:81)
==9710==    by 0x15DA8E: main (main.cpp:14)
==9710==  Uninitialised value was created by a heap allocation
==9710==    at 0x4849013: operator new(unsigned long) (in /usr/libexec/valgrind/vgpreload_memcheck-amd64-linux.so)
==9710==    by 0x4D2F590: void std::vector<ArmTask, std::allocator<ArmTask> >::_M_realloc_insert<ArmTask>(__gnu_cxx::__normal_iterator<ArmTask*, std::vector<ArmTask, std::allocator<ArmTask> > >, ArmTask&&) (in /home/passenger/courseWSL/Controller/arm_controller/lib/libcontroller.so)
==9710==    by 0x4D2DD5D: JsonReader::parse_tasks() const (in /home/passenger/courseWSL/Controller/arm_controller/lib/libcontroller.so)
==9710==    by 0x4D0F9D2: ArmRACOS::ArmRACOS(JsonReader const&, std::vector<obs_type, std::allocator<obs_type> > const&, double (*)(Instance&), int) (in /home/passenger/courseWSL/Controller/arm_controller/lib/libcontroller.so)
==9710==    by 0x4D0ED90: arm_control(std::__cxx11::basic_string<char, std::char_traits<char>, std::allocator<char> >, int) (in /home/passenger/courseWSL/Controller/arm_controller/lib/libcontroller.so)
==9710==    by 0x161E38: ArmControllerServer::oneRun(std::__cxx11::basic_string<char, std::char_traits<char>, std::allocator<char> >, int, bool) (ArmControllerServer.cpp:81)
==9710==    by 0x15DA8E: main (main.cpp:14)
==9710== 
==9710== Conditional jump or move depends on uninitialised value(s)
==9710==    at 0x4D03EE1: CArm::addMoveVec(std::vector<double, std::allocator<double> > const&, bool, double) (in /home/passenger/courseWSL/Controller/arm_controller/lib/libcontroller.so)
==9710==    by 0x4D1F0FC: ArmRACOS::evaluate(Instance&) (in /home/passenger/courseWSL/Controller/arm_controller/lib/libcontroller.so)
==9710==    by 0x4D32932: Racos::Initialize() (in /home/passenger/courseWSL/Controller/arm_controller/lib/libcontroller.so)
==9710==    by 0x4D33679: Racos::Mix() (in /home/passenger/courseWSL/Controller/arm_controller/lib/libcontroller.so)
==9710==    by 0x4D1C892: ArmRACOS::run() (in /home/passenger/courseWSL/Controller/arm_controller/lib/libcontroller.so)
==9710==    by 0x4D0EDAA: arm_control(std::__cxx11::basic_string<char, std::char_traits<char>, std::allocator<char> >, int) (in /home/passenger/courseWSL/Controller/arm_controller/lib/libcontroller.so)
==9710==    by 0x161E38: ArmControllerServer::oneRun(std::__cxx11::basic_string<char, std::char_traits<char>, std::allocator<char> >, int, bool) (ArmControllerServer.cpp:81)
==9710==    by 0x15DA8E: main (main.cpp:14)
==9710==  Uninitialised value was created by a heap allocation
==9710==    at 0x4849013: operator new(unsigned long) (in /usr/libexec/valgrind/vgpreload_memcheck-amd64-linux.so)
==9710==    by 0x4D2F590: void std::vector<ArmTask, std::allocator<ArmTask> >::_M_realloc_insert<ArmTask>(__gnu_cxx::__normal_iterator<ArmTask*, std::vector<ArmTask, std::allocator<ArmTask> > >, ArmTask&&) (in /home/passenger/courseWSL/Controller/arm_controller/lib/libcontroller.so)
==9710==    by 0x4D2DD5D: JsonReader::parse_tasks() const (in /home/passenger/courseWSL/Controller/arm_controller/lib/libcontroller.so)
==9710==    by 0x4D0F9D2: ArmRACOS::ArmRACOS(JsonReader const&, std::vector<obs_type, std::allocator<obs_type> > const&, double (*)(Instance&), int) (in /home/passenger/courseWSL/Controller/arm_controller/lib/libcontroller.so)
==9710==    by 0x4D0ED90: arm_control(std::__cxx11::basic_string<char, std::char_traits<char>, std::allocator<char> >, int) (in /home/passenger/courseWSL/Controller/arm_controller/lib/libcontroller.so)
==9710==    by 0x161E38: ArmControllerServer::oneRun(std::__cxx11::basic_string<char, std::char_traits<char>, std::allocator<char> >, int, bool) (ArmControllerServer.cpp:81)
==9710==    by 0x15DA8E: main (main.cpp:14)
==9710== 
==9710== Conditional jump or move depends on uninitialised value(s)
==9710==    at 0x4D03F31: CArm::addMoveVec(std::vector<double, std::allocator<double> > const&, bool, double) (in /home/passenger/courseWSL/Controller/arm_controller/lib/libcontroller.so)
==9710==    by 0x4D1F0FC: ArmRACOS::evaluate(Instance&) (in /home/passenger/courseWSL/Controller/arm_controller/lib/libcontroller.so)
==9710==    by 0x4D32932: Racos::Initialize() (in /home/passenger/courseWSL/Controller/arm_controller/lib/libcontroller.so)
==9710==    by 0x4D33679: Racos::Mix() (in /home/passenger/courseWSL/Controller/arm_controller/lib/libcontroller.so)
==9710==    by 0x4D1C892: ArmRACOS::run() (in /home/passenger/courseWSL/Controller/arm_controller/lib/libcontroller.so)
==9710==    by 0x4D0EDAA: arm_control(std::__cxx11::basic_string<char, std::char_traits<char>, std::allocator<char> >, int) (in /home/passenger/courseWSL/Controller/arm_controller/lib/libcontroller.so)
==9710==    by 0x161E38: ArmControllerServer::oneRun(std::__cxx11::basic_string<char, std::char_traits<char>, std::allocator<char> >, int, bool) (ArmControllerServer.cpp:81)
==9710==    by 0x15DA8E: main (main.cpp:14)
==9710==  Uninitialised value was created by a heap allocation
==9710==    at 0x4849013: operator new(unsigned long) (in /usr/libexec/valgrind/vgpreload_memcheck-amd64-linux.so)
==9710==    by 0x4D2F590: void std::vector<ArmTask, std::allocator<ArmTask> >::_M_realloc_insert<ArmTask>(__gnu_cxx::__normal_iterator<ArmTask*, std::vector<ArmTask, std::allocator<ArmTask> > >, ArmTask&&) (in /home/passenger/courseWSL/Controller/arm_controller/lib/libcontroller.so)
==9710==    by 0x4D2DD5D: JsonReader::parse_tasks() const (in /home/passenger/courseWSL/Controller/arm_controller/lib/libcontroller.so)
==9710==    by 0x4D0F9D2: ArmRACOS::ArmRACOS(JsonReader const&, std::vector<obs_type, std::allocator<obs_type> > const&, double (*)(Instance&), int) (in /home/passenger/courseWSL/Controller/arm_controller/lib/libcontroller.so)
==9710==    by 0x4D0ED90: arm_control(std::__cxx11::basic_string<char, std::char_traits<char>, std::allocator<char> >, int) (in /home/passenger/courseWSL/Controller/arm_controller/lib/libcontroller.so)
==9710==    by 0x161E38: ArmControllerServer::oneRun(std::__cxx11::basic_string<char, std::char_traits<char>, std::allocator<char> >, int, bool) (ArmControllerServer.cpp:81)
==9710==    by 0x15DA8E: main (main.cpp:14)
==9710== 
==9710== Conditional jump or move depends on uninitialised value(s)
==9710==    at 0x4D042F4: CArm::addMoveVec(std::vector<double, std::allocator<double> > const&, bool, double) (in /home/passenger/courseWSL/Controller/arm_controller/lib/libcontroller.so)
==9710==    by 0x4D1F0FC: ArmRACOS::evaluate(Instance&) (in /home/passenger/courseWSL/Controller/arm_controller/lib/libcontroller.so)
==9710==    by 0x4D32932: Racos::Initialize() (in /home/passenger/courseWSL/Controller/arm_controller/lib/libcontroller.so)
==9710==    by 0x4D33679: Racos::Mix() (in /home/passenger/courseWSL/Controller/arm_controller/lib/libcontroller.so)
==9710==    by 0x4D1C892: ArmRACOS::run() (in /home/passenger/courseWSL/Controller/arm_controller/lib/libcontroller.so)
==9710==    by 0x4D0EDAA: arm_control(std::__cxx11::basic_string<char, std::char_traits<char>, std::allocator<char> >, int) (in /home/passenger/courseWSL/Controller/arm_controller/lib/libcontroller.so)
==9710==    by 0x161E38: ArmControllerServer::oneRun(std::__cxx11::basic_string<char, std::char_traits<char>, std::allocator<char> >, int, bool) (ArmControllerServer.cpp:81)
==9710==    by 0x15DA8E: main (main.cpp:14)
==9710==  Uninitialised value was created by a heap allocation
==9710==    at 0x4849013: operator new(unsigned long) (in /usr/libexec/valgrind/vgpreload_memcheck-amd64-linux.so)
==9710==    by 0x4D2F590: void std::vector<ArmTask, std::allocator<ArmTask> >::_M_realloc_insert<ArmTask>(__gnu_cxx::__normal_iterator<ArmTask*, std::vector<ArmTask, std::allocator<ArmTask> > >, ArmTask&&) (in /home/passenger/courseWSL/Controller/arm_controller/lib/libcontroller.so)
==9710==    by 0x4D2DD5D: JsonReader::parse_tasks() const (in /home/passenger/courseWSL/Controller/arm_controller/lib/libcontroller.so)
==9710==    by 0x4D0F9D2: ArmRACOS::ArmRACOS(JsonReader const&, std::vector<obs_type, std::allocator<obs_type> > const&, double (*)(Instance&), int) (in /home/passenger/courseWSL/Controller/arm_controller/lib/libcontroller.so)
==9710==    by 0x4D0ED90: arm_control(std::__cxx11::basic_string<char, std::char_traits<char>, std::allocator<char> >, int) (in /home/passenger/courseWSL/Controller/arm_controller/lib/libcontroller.so)
==9710==    by 0x161E38: ArmControllerServer::oneRun(std::__cxx11::basic_string<char, std::char_traits<char>, std::allocator<char> >, int, bool) (ArmControllerServer.cpp:81)
==9710==    by 0x15DA8E: main (main.cpp:14)
==9710== 
==9710== Conditional jump or move depends on uninitialised value(s)
==9710==    at 0x4D03F5F: CArm::addMoveVec(std::vector<double, std::allocator<double> > const&, bool, double) (in /home/passenger/courseWSL/Controller/arm_controller/lib/libcontroller.so)
==9710==    by 0x4D1F0FC: ArmRACOS::evaluate(Instance&) (in /home/passenger/courseWSL/Controller/arm_controller/lib/libcontroller.so)
==9710==    by 0x4D32932: Racos::Initialize() (in /home/passenger/courseWSL/Controller/arm_controller/lib/libcontroller.so)
==9710==    by 0x4D33679: Racos::Mix() (in /home/passenger/courseWSL/Controller/arm_controller/lib/libcontroller.so)
==9710==    by 0x4D1C892: ArmRACOS::run() (in /home/passenger/courseWSL/Controller/arm_controller/lib/libcontroller.so)
==9710==    by 0x4D0EDAA: arm_control(std::__cxx11::basic_string<char, std::char_traits<char>, std::allocator<char> >, int) (in /home/passenger/courseWSL/Controller/arm_controller/lib/libcontroller.so)
==9710==    by 0x161E38: ArmControllerServer::oneRun(std::__cxx11::basic_string<char, std::char_traits<char>, std::allocator<char> >, int, bool) (ArmControllerServer.cpp:81)
==9710==    by 0x15DA8E: main (main.cpp:14)
==9710==  Uninitialised value was created by a heap allocation
==9710==    at 0x4849013: operator new(unsigned long) (in /usr/libexec/valgrind/vgpreload_memcheck-amd64-linux.so)
==9710==    by 0x4D2F590: void std::vector<ArmTask, std::allocator<ArmTask> >::_M_realloc_insert<ArmTask>(__gnu_cxx::__normal_iterator<ArmTask*, std::vector<ArmTask, std::allocator<ArmTask> > >, ArmTask&&) (in /home/passenger/courseWSL/Controller/arm_controller/lib/libcontroller.so)
==9710==    by 0x4D2DD5D: JsonReader::parse_tasks() const (in /home/passenger/courseWSL/Controller/arm_controller/lib/libcontroller.so)
==9710==    by 0x4D0F9D2: ArmRACOS::ArmRACOS(JsonReader const&, std::vector<obs_type, std::allocator<obs_type> > const&, double (*)(Instance&), int) (in /home/passenger/courseWSL/Controller/arm_controller/lib/libcontroller.so)
==9710==    by 0x4D0ED90: arm_control(std::__cxx11::basic_string<char, std::char_traits<char>, std::allocator<char> >, int) (in /home/passenger/courseWSL/Controller/arm_controller/lib/libcontroller.so)
==9710==    by 0x161E38: ArmControllerServer::oneRun(std::__cxx11::basic_string<char, std::char_traits<char>, std::allocator<char> >, int, bool) (ArmControllerServer.cpp:81)
==9710==    by 0x15DA8E: main (main.cpp:14)
==9710== 
==9710== Conditional jump or move depends on uninitialised value(s)
==9710==    at 0x4D03FAF: CArm::addMoveVec(std::vector<double, std::allocator<double> > const&, bool, double) (in /home/passenger/courseWSL/Controller/arm_controller/lib/libcontroller.so)
==9710==    by 0x4D1F0FC: ArmRACOS::evaluate(Instance&) (in /home/passenger/courseWSL/Controller/arm_controller/lib/libcontroller.so)
==9710==    by 0x4D32932: Racos::Initialize() (in /home/passenger/courseWSL/Controller/arm_controller/lib/libcontroller.so)
==9710==    by 0x4D33679: Racos::Mix() (in /home/passenger/courseWSL/Controller/arm_controller/lib/libcontroller.so)
==9710==    by 0x4D1C892: ArmRACOS::run() (in /home/passenger/courseWSL/Controller/arm_controller/lib/libcontroller.so)
==9710==    by 0x4D0EDAA: arm_control(std::__cxx11::basic_string<char, std::char_traits<char>, std::allocator<char> >, int) (in /home/passenger/courseWSL/Controller/arm_controller/lib/libcontroller.so)
==9710==    by 0x161E38: ArmControllerServer::oneRun(std::__cxx11::basic_string<char, std::char_traits<char>, std::allocator<char> >, int, bool) (ArmControllerServer.cpp:81)
==9710==    by 0x15DA8E: main (main.cpp:14)
==9710==  Uninitialised value was created by a heap allocation
==9710==    at 0x4849013: operator new(unsigned long) (in /usr/libexec/valgrind/vgpreload_memcheck-amd64-linux.so)
==9710==    by 0x4D2F590: void std::vector<ArmTask, std::allocator<ArmTask> >::_M_realloc_insert<ArmTask>(__gnu_cxx::__normal_iterator<ArmTask*, std::vector<ArmTask, std::allocator<ArmTask> > >, ArmTask&&) (in /home/passenger/courseWSL/Controller/arm_controller/lib/libcontroller.so)
==9710==    by 0x4D2DD5D: JsonReader::parse_tasks() const (in /home/passenger/courseWSL/Controller/arm_controller/lib/libcontroller.so)
==9710==    by 0x4D0F9D2: ArmRACOS::ArmRACOS(JsonReader const&, std::vector<obs_type, std::allocator<obs_type> > const&, double (*)(Instance&), int) (in /home/passenger/courseWSL/Controller/arm_controller/lib/libcontroller.so)
==9710==    by 0x4D0ED90: arm_control(std::__cxx11::basic_string<char, std::char_traits<char>, std::allocator<char> >, int) (in /home/passenger/courseWSL/Controller/arm_controller/lib/libcontroller.so)
==9710==    by 0x161E38: ArmControllerServer::oneRun(std::__cxx11::basic_string<char, std::char_traits<char>, std::allocator<char> >, int, bool) (ArmControllerServer.cpp:81)
==9710==    by 0x15DA8E: main (main.cpp:14)
==9710== 
==9710== Conditional jump or move depends on uninitialised value(s)
==9710==    at 0x4D044F4: CArm::addMoveVec(std::vector<double, std::allocator<double> > const&, bool, double) (in /home/passenger/courseWSL/Controller/arm_controller/lib/libcontroller.so)
==9710==    by 0x4D1F0FC: ArmRACOS::evaluate(Instance&) (in /home/passenger/courseWSL/Controller/arm_controller/lib/libcontroller.so)
==9710==    by 0x4D32932: Racos::Initialize() (in /home/passenger/courseWSL/Controller/arm_controller/lib/libcontroller.so)
==9710==    by 0x4D33679: Racos::Mix() (in /home/passenger/courseWSL/Controller/arm_controller/lib/libcontroller.so)
==9710==    by 0x4D1C892: ArmRACOS::run() (in /home/passenger/courseWSL/Controller/arm_controller/lib/libcontroller.so)
==9710==    by 0x4D0EDAA: arm_control(std::__cxx11::basic_string<char, std::char_traits<char>, std::allocator<char> >, int) (in /home/passenger/courseWSL/Controller/arm_controller/lib/libcontroller.so)
==9710==    by 0x161E38: ArmControllerServer::oneRun(std::__cxx11::basic_string<char, std::char_traits<char>, std::allocator<char> >, int, bool) (ArmControllerServer.cpp:81)
==9710==    by 0x15DA8E: main (main.cpp:14)
==9710==  Uninitialised value was created by a heap allocation
==9710==    at 0x4849013: operator new(unsigned long) (in /usr/libexec/valgrind/vgpreload_memcheck-amd64-linux.so)
==9710==    by 0x4D2F590: void std::vector<ArmTask, std::allocator<ArmTask> >::_M_realloc_insert<ArmTask>(__gnu_cxx::__normal_iterator<ArmTask*, std::vector<ArmTask, std::allocator<ArmTask> > >, ArmTask&&) (in /home/passenger/courseWSL/Controller/arm_controller/lib/libcontroller.so)
==9710==    by 0x4D2DD5D: JsonReader::parse_tasks() const (in /home/passenger/courseWSL/Controller/arm_controller/lib/libcontroller.so)
==9710==    by 0x4D0F9D2: ArmRACOS::ArmRACOS(JsonReader const&, std::vector<obs_type, std::allocator<obs_type> > const&, double (*)(Instance&), int) (in /home/passenger/courseWSL/Controller/arm_controller/lib/libcontroller.so)
==9710==    by 0x4D0ED90: arm_control(std::__cxx11::basic_string<char, std::char_traits<char>, std::allocator<char> >, int) (in /home/passenger/courseWSL/Controller/arm_controller/lib/libcontroller.so)
==9710==    by 0x161E38: ArmControllerServer::oneRun(std::__cxx11::basic_string<char, std::char_traits<char>, std::allocator<char> >, int, bool) (ArmControllerServer.cpp:81)
==9710==    by 0x15DA8E: main (main.cpp:14)
==9710== 
==9710== Conditional jump or move depends on uninitialised value(s)
==9710==    at 0x4D03FDD: CArm::addMoveVec(std::vector<double, std::allocator<double> > const&, bool, double) (in /home/passenger/courseWSL/Controller/arm_controller/lib/libcontroller.so)
==9710==    by 0x4D1F0FC: ArmRACOS::evaluate(Instance&) (in /home/passenger/courseWSL/Controller/arm_controller/lib/libcontroller.so)
==9710==    by 0x4D32932: Racos::Initialize() (in /home/passenger/courseWSL/Controller/arm_controller/lib/libcontroller.so)
==9710==    by 0x4D33679: Racos::Mix() (in /home/passenger/courseWSL/Controller/arm_controller/lib/libcontroller.so)
==9710==    by 0x4D1C892: ArmRACOS::run() (in /home/passenger/courseWSL/Controller/arm_controller/lib/libcontroller.so)
==9710==    by 0x4D0EDAA: arm_control(std::__cxx11::basic_string<char, std::char_traits<char>, std::allocator<char> >, int) (in /home/passenger/courseWSL/Controller/arm_controller/lib/libcontroller.so)
==9710==    by 0x161E38: ArmControllerServer::oneRun(std::__cxx11::basic_string<char, std::char_traits<char>, std::allocator<char> >, int, bool) (ArmControllerServer.cpp:81)
==9710==    by 0x15DA8E: main (main.cpp:14)
==9710==  Uninitialised value was created by a heap allocation
==9710==    at 0x4849013: operator new(unsigned long) (in /usr/libexec/valgrind/vgpreload_memcheck-amd64-linux.so)
==9710==    by 0x4D2F590: void std::vector<ArmTask, std::allocator<ArmTask> >::_M_realloc_insert<ArmTask>(__gnu_cxx::__normal_iterator<ArmTask*, std::vector<ArmTask, std::allocator<ArmTask> > >, ArmTask&&) (in /home/passenger/courseWSL/Controller/arm_controller/lib/libcontroller.so)
==9710==    by 0x4D2DD5D: JsonReader::parse_tasks() const (in /home/passenger/courseWSL/Controller/arm_controller/lib/libcontroller.so)
==9710==    by 0x4D0F9D2: ArmRACOS::ArmRACOS(JsonReader const&, std::vector<obs_type, std::allocator<obs_type> > const&, double (*)(Instance&), int) (in /home/passenger/courseWSL/Controller/arm_controller/lib/libcontroller.so)
==9710==    by 0x4D0ED90: arm_control(std::__cxx11::basic_string<char, std::char_traits<char>, std::allocator<char> >, int) (in /home/passenger/courseWSL/Controller/arm_controller/lib/libcontroller.so)
==9710==    by 0x161E38: ArmControllerServer::oneRun(std::__cxx11::basic_string<char, std::char_traits<char>, std::allocator<char> >, int, bool) (ArmControllerServer.cpp:81)
==9710==    by 0x15DA8E: main (main.cpp:14)
==9710== 
==9710== Conditional jump or move depends on uninitialised value(s)
==9710==    at 0x4D04023: CArm::addMoveVec(std::vector<double, std::allocator<double> > const&, bool, double) (in /home/passenger/courseWSL/Controller/arm_controller/lib/libcontroller.so)
==9710==    by 0x4D1F0FC: ArmRACOS::evaluate(Instance&) (in /home/passenger/courseWSL/Controller/arm_controller/lib/libcontroller.so)
==9710==    by 0x4D32932: Racos::Initialize() (in /home/passenger/courseWSL/Controller/arm_controller/lib/libcontroller.so)
==9710==    by 0x4D33679: Racos::Mix() (in /home/passenger/courseWSL/Controller/arm_controller/lib/libcontroller.so)
==9710==    by 0x4D1C892: ArmRACOS::run() (in /home/passenger/courseWSL/Controller/arm_controller/lib/libcontroller.so)
==9710==    by 0x4D0EDAA: arm_control(std::__cxx11::basic_string<char, std::char_traits<char>, std::allocator<char> >, int) (in /home/passenger/courseWSL/Controller/arm_controller/lib/libcontroller.so)
==9710==    by 0x161E38: ArmControllerServer::oneRun(std::__cxx11::basic_string<char, std::char_traits<char>, std::allocator<char> >, int, bool) (ArmControllerServer.cpp:81)
==9710==    by 0x15DA8E: main (main.cpp:14)
==9710==  Uninitialised value was created by a heap allocation
==9710==    at 0x4849013: operator new(unsigned long) (in /usr/libexec/valgrind/vgpreload_memcheck-amd64-linux.so)
==9710==    by 0x4D2F590: void std::vector<ArmTask, std::allocator<ArmTask> >::_M_realloc_insert<ArmTask>(__gnu_cxx::__normal_iterator<ArmTask*, std::vector<ArmTask, std::allocator<ArmTask> > >, ArmTask&&) (in /home/passenger/courseWSL/Controller/arm_controller/lib/libcontroller.so)
==9710==    by 0x4D2DD5D: JsonReader::parse_tasks() const (in /home/passenger/courseWSL/Controller/arm_controller/lib/libcontroller.so)
==9710==    by 0x4D0F9D2: ArmRACOS::ArmRACOS(JsonReader const&, std::vector<obs_type, std::allocator<obs_type> > const&, double (*)(Instance&), int) (in /home/passenger/courseWSL/Controller/arm_controller/lib/libcontroller.so)
==9710==    by 0x4D0ED90: arm_control(std::__cxx11::basic_string<char, std::char_traits<char>, std::allocator<char> >, int) (in /home/passenger/courseWSL/Controller/arm_controller/lib/libcontroller.so)
==9710==    by 0x161E38: ArmControllerServer::oneRun(std::__cxx11::basic_string<char, std::char_traits<char>, std::allocator<char> >, int, bool) (ArmControllerServer.cpp:81)
==9710==    by 0x15DA8E: main (main.cpp:14)
==9710== 
==9710== Conditional jump or move depends on uninitialised value(s)
==9710==    at 0x4D04294: CArm::addMoveVec(std::vector<double, std::allocator<double> > const&, bool, double) (in /home/passenger/courseWSL/Controller/arm_controller/lib/libcontroller.so)
==9710==    by 0x4D1F0FC: ArmRACOS::evaluate(Instance&) (in /home/passenger/courseWSL/Controller/arm_controller/lib/libcontroller.so)
==9710==    by 0x4D32932: Racos::Initialize() (in /home/passenger/courseWSL/Controller/arm_controller/lib/libcontroller.so)
==9710==    by 0x4D33679: Racos::Mix() (in /home/passenger/courseWSL/Controller/arm_controller/lib/libcontroller.so)
==9710==    by 0x4D1C892: ArmRACOS::run() (in /home/passenger/courseWSL/Controller/arm_controller/lib/libcontroller.so)
==9710==    by 0x4D0EDAA: arm_control(std::__cxx11::basic_string<char, std::char_traits<char>, std::allocator<char> >, int) (in /home/passenger/courseWSL/Controller/arm_controller/lib/libcontroller.so)
==9710==    by 0x161E38: ArmControllerServer::oneRun(std::__cxx11::basic_string<char, std::char_traits<char>, std::allocator<char> >, int, bool) (ArmControllerServer.cpp:81)
==9710==    by 0x15DA8E: main (main.cpp:14)
==9710==  Uninitialised value was created by a heap allocation
==9710==    at 0x4849013: operator new(unsigned long) (in /usr/libexec/valgrind/vgpreload_memcheck-amd64-linux.so)
==9710==    by 0x4D2F590: void std::vector<ArmTask, std::allocator<ArmTask> >::_M_realloc_insert<ArmTask>(__gnu_cxx::__normal_iterator<ArmTask*, std::vector<ArmTask, std::allocator<ArmTask> > >, ArmTask&&) (in /home/passenger/courseWSL/Controller/arm_controller/lib/libcontroller.so)
==9710==    by 0x4D2DD5D: JsonReader::parse_tasks() const (in /home/passenger/courseWSL/Controller/arm_controller/lib/libcontroller.so)
==9710==    by 0x4D0F9D2: ArmRACOS::ArmRACOS(JsonReader const&, std::vector<obs_type, std::allocator<obs_type> > const&, double (*)(Instance&), int) (in /home/passenger/courseWSL/Controller/arm_controller/lib/libcontroller.so)
==9710==    by 0x4D0ED90: arm_control(std::__cxx11::basic_string<char, std::char_traits<char>, std::allocator<char> >, int) (in /home/passenger/courseWSL/Controller/arm_controller/lib/libcontroller.so)
==9710==    by 0x161E38: ArmControllerServer::oneRun(std::__cxx11::basic_string<char, std::char_traits<char>, std::allocator<char> >, int, bool) (ArmControllerServer.cpp:81)
==9710==    by 0x15DA8E: main (main.cpp:14)
==9710== 
==9710== Conditional jump or move depends on uninitialised value(s)
==9710==    at 0x4D04050: CArm::addMoveVec(std::vector<double, std::allocator<double> > const&, bool, double) (in /home/passenger/courseWSL/Controller/arm_controller/lib/libcontroller.so)
==9710==    by 0x4D1F0FC: ArmRACOS::evaluate(Instance&) (in /home/passenger/courseWSL/Controller/arm_controller/lib/libcontroller.so)
==9710==    by 0x4D32932: Racos::Initialize() (in /home/passenger/courseWSL/Controller/arm_controller/lib/libcontroller.so)
==9710==    by 0x4D33679: Racos::Mix() (in /home/passenger/courseWSL/Controller/arm_controller/lib/libcontroller.so)
==9710==    by 0x4D1C892: ArmRACOS::run() (in /home/passenger/courseWSL/Controller/arm_controller/lib/libcontroller.so)
==9710==    by 0x4D0EDAA: arm_control(std::__cxx11::basic_string<char, std::char_traits<char>, std::allocator<char> >, int) (in /home/passenger/courseWSL/Controller/arm_controller/lib/libcontroller.so)
==9710==    by 0x161E38: ArmControllerServer::oneRun(std::__cxx11::basic_string<char, std::char_traits<char>, std::allocator<char> >, int, bool) (ArmControllerServer.cpp:81)
==9710==    by 0x15DA8E: main (main.cpp:14)
==9710==  Uninitialised value was created by a heap allocation
==9710==    at 0x4849013: operator new(unsigned long) (in /usr/libexec/valgrind/vgpreload_memcheck-amd64-linux.so)
==9710==    by 0x4D2F590: void std::vector<ArmTask, std::allocator<ArmTask> >::_M_realloc_insert<ArmTask>(__gnu_cxx::__normal_iterator<ArmTask*, std::vector<ArmTask, std::allocator<ArmTask> > >, ArmTask&&) (in /home/passenger/courseWSL/Controller/arm_controller/lib/libcontroller.so)
==9710==    by 0x4D2DD5D: JsonReader::parse_tasks() const (in /home/passenger/courseWSL/Controller/arm_controller/lib/libcontroller.so)
==9710==    by 0x4D0F9D2: ArmRACOS::ArmRACOS(JsonReader const&, std::vector<obs_type, std::allocator<obs_type> > const&, double (*)(Instance&), int) (in /home/passenger/courseWSL/Controller/arm_controller/lib/libcontroller.so)
==9710==    by 0x4D0ED90: arm_control(std::__cxx11::basic_string<char, std::char_traits<char>, std::allocator<char> >, int) (in /home/passenger/courseWSL/Controller/arm_controller/lib/libcontroller.so)
==9710==    by 0x161E38: ArmControllerServer::oneRun(std::__cxx11::basic_string<char, std::char_traits<char>, std::allocator<char> >, int, bool) (ArmControllerServer.cpp:81)
==9710==    by 0x15DA8E: main (main.cpp:14)
==9710== 
==9710== Conditional jump or move depends on uninitialised value(s)
==9710==    at 0x4D1F784: ArmRACOS::evaluate(Instance&) (in /home/passenger/courseWSL/Controller/arm_controller/lib/libcontroller.so)
==9710==    by 0x4D32932: Racos::Initialize() (in /home/passenger/courseWSL/Controller/arm_controller/lib/libcontroller.so)
==9710==    by 0x4D33679: Racos::Mix() (in /home/passenger/courseWSL/Controller/arm_controller/lib/libcontroller.so)
==9710==    by 0x4D1C892: ArmRACOS::run() (in /home/passenger/courseWSL/Controller/arm_controller/lib/libcontroller.so)
==9710==    by 0x4D0EDAA: arm_control(std::__cxx11::basic_string<char, std::char_traits<char>, std::allocator<char> >, int) (in /home/passenger/courseWSL/Controller/arm_controller/lib/libcontroller.so)
==9710==    by 0x161E38: ArmControllerServer::oneRun(std::__cxx11::basic_string<char, std::char_traits<char>, std::allocator<char> >, int, bool) (ArmControllerServer.cpp:81)
==9710==    by 0x15DA8E: main (main.cpp:14)
==9710==  Uninitialised value was created by a heap allocation
==9710==    at 0x4849013: operator new(unsigned long) (in /usr/libexec/valgrind/vgpreload_memcheck-amd64-linux.so)
==9710==    by 0x4D2F590: void std::vector<ArmTask, std::allocator<ArmTask> >::_M_realloc_insert<ArmTask>(__gnu_cxx::__normal_iterator<ArmTask*, std::vector<ArmTask, std::allocator<ArmTask> > >, ArmTask&&) (in /home/passenger/courseWSL/Controller/arm_controller/lib/libcontroller.so)
==9710==    by 0x4D2DD5D: JsonReader::parse_tasks() const (in /home/passenger/courseWSL/Controller/arm_controller/lib/libcontroller.so)
==9710==    by 0x4D0F9D2: ArmRACOS::ArmRACOS(JsonReader const&, std::vector<obs_type, std::allocator<obs_type> > const&, double (*)(Instance&), int) (in /home/passenger/courseWSL/Controller/arm_controller/lib/libcontroller.so)
==9710==    by 0x4D0ED90: arm_control(std::__cxx11::basic_string<char, std::char_traits<char>, std::allocator<char> >, int) (in /home/passenger/courseWSL/Controller/arm_controller/lib/libcontroller.so)
==9710==    by 0x161E38: ArmControllerServer::oneRun(std::__cxx11::basic_string<char, std::char_traits<char>, std::allocator<char> >, int, bool) (ArmControllerServer.cpp:81)
==9710==    by 0x15DA8E: main (main.cpp:14)
==9710== 
==9710== Conditional jump or move depends on uninitialised value(s)
==9710==    at 0x4D1F7F0: ArmRACOS::evaluate(Instance&) (in /home/passenger/courseWSL/Controller/arm_controller/lib/libcontroller.so)
==9710==    by 0x4D32932: Racos::Initialize() (in /home/passenger/courseWSL/Controller/arm_controller/lib/libcontroller.so)
==9710==    by 0x4D33679: Racos::Mix() (in /home/passenger/courseWSL/Controller/arm_controller/lib/libcontroller.so)
==9710==    by 0x4D1C892: ArmRACOS::run() (in /home/passenger/courseWSL/Controller/arm_controller/lib/libcontroller.so)
==9710==    by 0x4D0EDAA: arm_control(std::__cxx11::basic_string<char, std::char_traits<char>, std::allocator<char> >, int) (in /home/passenger/courseWSL/Controller/arm_controller/lib/libcontroller.so)
==9710==    by 0x161E38: ArmControllerServer::oneRun(std::__cxx11::basic_string<char, std::char_traits<char>, std::allocator<char> >, int, bool) (ArmControllerServer.cpp:81)
==9710==    by 0x15DA8E: main (main.cpp:14)
==9710==  Uninitialised value was created by a heap allocation
==9710==    at 0x4849013: operator new(unsigned long) (in /usr/libexec/valgrind/vgpreload_memcheck-amd64-linux.so)
==9710==    by 0x4D2F590: void std::vector<ArmTask, std::allocator<ArmTask> >::_M_realloc_insert<ArmTask>(__gnu_cxx::__normal_iterator<ArmTask*, std::vector<ArmTask, std::allocator<ArmTask> > >, ArmTask&&) (in /home/passenger/courseWSL/Controller/arm_controller/lib/libcontroller.so)
==9710==    by 0x4D2DD5D: JsonReader::parse_tasks() const (in /home/passenger/courseWSL/Controller/arm_controller/lib/libcontroller.so)
==9710==    by 0x4D0F9D2: ArmRACOS::ArmRACOS(JsonReader const&, std::vector<obs_type, std::allocator<obs_type> > const&, double (*)(Instance&), int) (in /home/passenger/courseWSL/Controller/arm_controller/lib/libcontroller.so)
==9710==    by 0x4D0ED90: arm_control(std::__cxx11::basic_string<char, std::char_traits<char>, std::allocator<char> >, int) (in /home/passenger/courseWSL/Controller/arm_controller/lib/libcontroller.so)
==9710==    by 0x161E38: ArmControllerServer::oneRun(std::__cxx11::basic_string<char, std::char_traits<char>, std::allocator<char> >, int, bool) (ArmControllerServer.cpp:81)
==9710==    by 0x15DA8E: main (main.cpp:14)
==9710== 
==9710== Conditional jump or move depends on uninitialised value(s)
==9710==    at 0x4D1F55E: ArmRACOS::evaluate(Instance&) (in /home/passenger/courseWSL/Controller/arm_controller/lib/libcontroller.so)
==9710==    by 0x4D32932: Racos::Initialize() (in /home/passenger/courseWSL/Controller/arm_controller/lib/libcontroller.so)
==9710==    by 0x4D33679: Racos::Mix() (in /home/passenger/courseWSL/Controller/arm_controller/lib/libcontroller.so)
==9710==    by 0x4D1C892: ArmRACOS::run() (in /home/passenger/courseWSL/Controller/arm_controller/lib/libcontroller.so)
==9710==    by 0x4D0EDAA: arm_control(std::__cxx11::basic_string<char, std::char_traits<char>, std::allocator<char> >, int) (in /home/passenger/courseWSL/Controller/arm_controller/lib/libcontroller.so)
==9710==    by 0x161E38: ArmControllerServer::oneRun(std::__cxx11::basic_string<char, std::char_traits<char>, std::allocator<char> >, int, bool) (ArmControllerServer.cpp:81)
==9710==    by 0x15DA8E: main (main.cpp:14)
==9710==  Uninitialised value was created by a heap allocation
==9710==    at 0x4849013: operator new(unsigned long) (in /usr/libexec/valgrind/vgpreload_memcheck-amd64-linux.so)
==9710==    by 0x4D2F590: void std::vector<ArmTask, std::allocator<ArmTask> >::_M_realloc_insert<ArmTask>(__gnu_cxx::__normal_iterator<ArmTask*, std::vector<ArmTask, std::allocator<ArmTask> > >, ArmTask&&) (in /home/passenger/courseWSL/Controller/arm_controller/lib/libcontroller.so)
==9710==    by 0x4D2DD5D: JsonReader::parse_tasks() const (in /home/passenger/courseWSL/Controller/arm_controller/lib/libcontroller.so)
==9710==    by 0x4D0F9D2: ArmRACOS::ArmRACOS(JsonReader const&, std::vector<obs_type, std::allocator<obs_type> > const&, double (*)(Instance&), int) (in /home/passenger/courseWSL/Controller/arm_controller/lib/libcontroller.so)
==9710==    by 0x4D0ED90: arm_control(std::__cxx11::basic_string<char, std::char_traits<char>, std::allocator<char> >, int) (in /home/passenger/courseWSL/Controller/arm_controller/lib/libcontroller.so)
==9710==    by 0x161E38: ArmControllerServer::oneRun(std::__cxx11::basic_string<char, std::char_traits<char>, std::allocator<char> >, int, bool) (ArmControllerServer.cpp:81)
==9710==    by 0x15DA8E: main (main.cpp:14)
==9710== 
==9710== Conditional jump or move depends on uninitialised value(s)
==9710==    at 0x4D1F596: ArmRACOS::evaluate(Instance&) (in /home/passenger/courseWSL/Controller/arm_controller/lib/libcontroller.so)
==9710==    by 0x4D32932: Racos::Initialize() (in /home/passenger/courseWSL/Controller/arm_controller/lib/libcontroller.so)
==9710==    by 0x4D33679: Racos::Mix() (in /home/passenger/courseWSL/Controller/arm_controller/lib/libcontroller.so)
==9710==    by 0x4D1C892: ArmRACOS::run() (in /home/passenger/courseWSL/Controller/arm_controller/lib/libcontroller.so)
==9710==    by 0x4D0EDAA: arm_control(std::__cxx11::basic_string<char, std::char_traits<char>, std::allocator<char> >, int) (in /home/passenger/courseWSL/Controller/arm_controller/lib/libcontroller.so)
==9710==    by 0x161E38: ArmControllerServer::oneRun(std::__cxx11::basic_string<char, std::char_traits<char>, std::allocator<char> >, int, bool) (ArmControllerServer.cpp:81)
==9710==    by 0x15DA8E: main (main.cpp:14)
==9710==  Uninitialised value was created by a heap allocation
==9710==    at 0x4849013: operator new(unsigned long) (in /usr/libexec/valgrind/vgpreload_memcheck-amd64-linux.so)
==9710==    by 0x4D2F590: void std::vector<ArmTask, std::allocator<ArmTask> >::_M_realloc_insert<ArmTask>(__gnu_cxx::__normal_iterator<ArmTask*, std::vector<ArmTask, std::allocator<ArmTask> > >, ArmTask&&) (in /home/passenger/courseWSL/Controller/arm_controller/lib/libcontroller.so)
==9710==    by 0x4D2DD5D: JsonReader::parse_tasks() const (in /home/passenger/courseWSL/Controller/arm_controller/lib/libcontroller.so)
==9710==    by 0x4D0F9D2: ArmRACOS::ArmRACOS(JsonReader const&, std::vector<obs_type, std::allocator<obs_type> > const&, double (*)(Instance&), int) (in /home/passenger/courseWSL/Controller/arm_controller/lib/libcontroller.so)
==9710==    by 0x4D0ED90: arm_control(std::__cxx11::basic_string<char, std::char_traits<char>, std::allocator<char> >, int) (in /home/passenger/courseWSL/Controller/arm_controller/lib/libcontroller.so)
==9710==    by 0x161E38: ArmControllerServer::oneRun(std::__cxx11::basic_string<char, std::char_traits<char>, std::allocator<char> >, int, bool) (ArmControllerServer.cpp:81)
==9710==    by 0x15DA8E: main (main.cpp:14)
==9710== 
==9710== Conditional jump or move depends on uninitialised value(s)
==9710==    at 0x4D1F5AA: ArmRACOS::evaluate(Instance&) (in /home/passenger/courseWSL/Controller/arm_controller/lib/libcontroller.so)
==9710==    by 0x4D32932: Racos::Initialize() (in /home/passenger/courseWSL/Controller/arm_controller/lib/libcontroller.so)
==9710==    by 0x4D33679: Racos::Mix() (in /home/passenger/courseWSL/Controller/arm_controller/lib/libcontroller.so)
==9710==    by 0x4D1C892: ArmRACOS::run() (in /home/passenger/courseWSL/Controller/arm_controller/lib/libcontroller.so)
==9710==    by 0x4D0EDAA: arm_control(std::__cxx11::basic_string<char, std::char_traits<char>, std::allocator<char> >, int) (in /home/passenger/courseWSL/Controller/arm_controller/lib/libcontroller.so)
==9710==    by 0x161E38: ArmControllerServer::oneRun(std::__cxx11::basic_string<char, std::char_traits<char>, std::allocator<char> >, int, bool) (ArmControllerServer.cpp:81)
==9710==    by 0x15DA8E: main (main.cpp:14)
==9710==  Uninitialised value was created by a heap allocation
==9710==    at 0x4849013: operator new(unsigned long) (in /usr/libexec/valgrind/vgpreload_memcheck-amd64-linux.so)
==9710==    by 0x4D2F590: void std::vector<ArmTask, std::allocator<ArmTask> >::_M_realloc_insert<ArmTask>(__gnu_cxx::__normal_iterator<ArmTask*, std::vector<ArmTask, std::allocator<ArmTask> > >, ArmTask&&) (in /home/passenger/courseWSL/Controller/arm_controller/lib/libcontroller.so)
==9710==    by 0x4D2DD5D: JsonReader::parse_tasks() const (in /home/passenger/courseWSL/Controller/arm_controller/lib/libcontroller.so)
==9710==    by 0x4D0F9D2: ArmRACOS::ArmRACOS(JsonReader const&, std::vector<obs_type, std::allocator<obs_type> > const&, double (*)(Instance&), int) (in /home/passenger/courseWSL/Controller/arm_controller/lib/libcontroller.so)
==9710==    by 0x4D0ED90: arm_control(std::__cxx11::basic_string<char, std::char_traits<char>, std::allocator<char> >, int) (in /home/passenger/courseWSL/Controller/arm_controller/lib/libcontroller.so)
==9710==    by 0x161E38: ArmControllerServer::oneRun(std::__cxx11::basic_string<char, std::char_traits<char>, std::allocator<char> >, int, bool) (ArmControllerServer.cpp:81)
==9710==    by 0x15DA8E: main (main.cpp:14)
==9710== 
==9710== Conditional jump or move depends on uninitialised value(s)
==9710==    at 0x4D1F5E9: ArmRACOS::evaluate(Instance&) (in /home/passenger/courseWSL/Controller/arm_controller/lib/libcontroller.so)
==9710==    by 0x4D32932: Racos::Initialize() (in /home/passenger/courseWSL/Controller/arm_controller/lib/libcontroller.so)
==9710==    by 0x4D33679: Racos::Mix() (in /home/passenger/courseWSL/Controller/arm_controller/lib/libcontroller.so)
==9710==    by 0x4D1C892: ArmRACOS::run() (in /home/passenger/courseWSL/Controller/arm_controller/lib/libcontroller.so)
==9710==    by 0x4D0EDAA: arm_control(std::__cxx11::basic_string<char, std::char_traits<char>, std::allocator<char> >, int) (in /home/passenger/courseWSL/Controller/arm_controller/lib/libcontroller.so)
==9710==    by 0x161E38: ArmControllerServer::oneRun(std::__cxx11::basic_string<char, std::char_traits<char>, std::allocator<char> >, int, bool) (ArmControllerServer.cpp:81)
==9710==    by 0x15DA8E: main (main.cpp:14)
==9710==  Uninitialised value was created by a heap allocation
==9710==    at 0x4849013: operator new(unsigned long) (in /usr/libexec/valgrind/vgpreload_memcheck-amd64-linux.so)
==9710==    by 0x4D2F590: void std::vector<ArmTask, std::allocator<ArmTask> >::_M_realloc_insert<ArmTask>(__gnu_cxx::__normal_iterator<ArmTask*, std::vector<ArmTask, std::allocator<ArmTask> > >, ArmTask&&) (in /home/passenger/courseWSL/Controller/arm_controller/lib/libcontroller.so)
==9710==    by 0x4D2DD5D: JsonReader::parse_tasks() const (in /home/passenger/courseWSL/Controller/arm_controller/lib/libcontroller.so)
==9710==    by 0x4D0F9D2: ArmRACOS::ArmRACOS(JsonReader const&, std::vector<obs_type, std::allocator<obs_type> > const&, double (*)(Instance&), int) (in /home/passenger/courseWSL/Controller/arm_controller/lib/libcontroller.so)
==9710==    by 0x4D0ED90: arm_control(std::__cxx11::basic_string<char, std::char_traits<char>, std::allocator<char> >, int) (in /home/passenger/courseWSL/Controller/arm_controller/lib/libcontroller.so)
==9710==    by 0x161E38: ArmControllerServer::oneRun(std::__cxx11::basic_string<char, std::char_traits<char>, std::allocator<char> >, int, bool) (ArmControllerServer.cpp:81)
==9710==    by 0x15DA8E: main (main.cpp:14)
==9710== 
==9710== Conditional jump or move depends on uninitialised value(s)
==9710==    at 0x4D1F5FD: ArmRACOS::evaluate(Instance&) (in /home/passenger/courseWSL/Controller/arm_controller/lib/libcontroller.so)
==9710==    by 0x4D32932: Racos::Initialize() (in /home/passenger/courseWSL/Controller/arm_controller/lib/libcontroller.so)
==9710==    by 0x4D33679: Racos::Mix() (in /home/passenger/courseWSL/Controller/arm_controller/lib/libcontroller.so)
==9710==    by 0x4D1C892: ArmRACOS::run() (in /home/passenger/courseWSL/Controller/arm_controller/lib/libcontroller.so)
==9710==    by 0x4D0EDAA: arm_control(std::__cxx11::basic_string<char, std::char_traits<char>, std::allocator<char> >, int) (in /home/passenger/courseWSL/Controller/arm_controller/lib/libcontroller.so)
==9710==    by 0x161E38: ArmControllerServer::oneRun(std::__cxx11::basic_string<char, std::char_traits<char>, std::allocator<char> >, int, bool) (ArmControllerServer.cpp:81)
==9710==    by 0x15DA8E: main (main.cpp:14)
==9710==  Uninitialised value was created by a heap allocation
==9710==    at 0x4849013: operator new(unsigned long) (in /usr/libexec/valgrind/vgpreload_memcheck-amd64-linux.so)
==9710==    by 0x4D2F590: void std::vector<ArmTask, std::allocator<ArmTask> >::_M_realloc_insert<ArmTask>(__gnu_cxx::__normal_iterator<ArmTask*, std::vector<ArmTask, std::allocator<ArmTask> > >, ArmTask&&) (in /home/passenger/courseWSL/Controller/arm_controller/lib/libcontroller.so)
==9710==    by 0x4D2DD5D: JsonReader::parse_tasks() const (in /home/passenger/courseWSL/Controller/arm_controller/lib/libcontroller.so)
==9710==    by 0x4D0F9D2: ArmRACOS::ArmRACOS(JsonReader const&, std::vector<obs_type, std::allocator<obs_type> > const&, double (*)(Instance&), int) (in /home/passenger/courseWSL/Controller/arm_controller/lib/libcontroller.so)
==9710==    by 0x4D0ED90: arm_control(std::__cxx11::basic_string<char, std::char_traits<char>, std::allocator<char> >, int) (in /home/passenger/courseWSL/Controller/arm_controller/lib/libcontroller.so)
==9710==    by 0x161E38: ArmControllerServer::oneRun(std::__cxx11::basic_string<char, std::char_traits<char>, std::allocator<char> >, int, bool) (ArmControllerServer.cpp:81)
==9710==    by 0x15DA8E: main (main.cpp:14)
==9710== 
==9710== Conditional jump or move depends on uninitialised value(s)
==9710==    at 0x4D1F630: ArmRACOS::evaluate(Instance&) (in /home/passenger/courseWSL/Controller/arm_controller/lib/libcontroller.so)
==9710==    by 0x4D32932: Racos::Initialize() (in /home/passenger/courseWSL/Controller/arm_controller/lib/libcontroller.so)
==9710==    by 0x4D33679: Racos::Mix() (in /home/passenger/courseWSL/Controller/arm_controller/lib/libcontroller.so)
==9710==    by 0x4D1C892: ArmRACOS::run() (in /home/passenger/courseWSL/Controller/arm_controller/lib/libcontroller.so)
==9710==    by 0x4D0EDAA: arm_control(std::__cxx11::basic_string<char, std::char_traits<char>, std::allocator<char> >, int) (in /home/passenger/courseWSL/Controller/arm_controller/lib/libcontroller.so)
==9710==    by 0x161E38: ArmControllerServer::oneRun(std::__cxx11::basic_string<char, std::char_traits<char>, std::allocator<char> >, int, bool) (ArmControllerServer.cpp:81)
==9710==    by 0x15DA8E: main (main.cpp:14)
==9710==  Uninitialised value was created by a heap allocation
==9710==    at 0x4849013: operator new(unsigned long) (in /usr/libexec/valgrind/vgpreload_memcheck-amd64-linux.so)
==9710==    by 0x4D2F590: void std::vector<ArmTask, std::allocator<ArmTask> >::_M_realloc_insert<ArmTask>(__gnu_cxx::__normal_iterator<ArmTask*, std::vector<ArmTask, std::allocator<ArmTask> > >, ArmTask&&) (in /home/passenger/courseWSL/Controller/arm_controller/lib/libcontroller.so)
==9710==    by 0x4D2DD5D: JsonReader::parse_tasks() const (in /home/passenger/courseWSL/Controller/arm_controller/lib/libcontroller.so)
==9710==    by 0x4D0F9D2: ArmRACOS::ArmRACOS(JsonReader const&, std::vector<obs_type, std::allocator<obs_type> > const&, double (*)(Instance&), int) (in /home/passenger/courseWSL/Controller/arm_controller/lib/libcontroller.so)
==9710==    by 0x4D0ED90: arm_control(std::__cxx11::basic_string<char, std::char_traits<char>, std::allocator<char> >, int) (in /home/passenger/courseWSL/Controller/arm_controller/lib/libcontroller.so)
==9710==    by 0x161E38: ArmControllerServer::oneRun(std::__cxx11::basic_string<char, std::char_traits<char>, std::allocator<char> >, int, bool) (ArmControllerServer.cpp:81)
==9710==    by 0x15DA8E: main (main.cpp:14)
==9710== 
==9710== Conditional jump or move depends on uninitialised value(s)
==9710==    at 0x4D1F67C: ArmRACOS::evaluate(Instance&) (in /home/passenger/courseWSL/Controller/arm_controller/lib/libcontroller.so)
==9710==    by 0x4D32932: Racos::Initialize() (in /home/passenger/courseWSL/Controller/arm_controller/lib/libcontroller.so)
==9710==    by 0x4D33679: Racos::Mix() (in /home/passenger/courseWSL/Controller/arm_controller/lib/libcontroller.so)
==9710==    by 0x4D1C892: ArmRACOS::run() (in /home/passenger/courseWSL/Controller/arm_controller/lib/libcontroller.so)
==9710==    by 0x4D0EDAA: arm_control(std::__cxx11::basic_string<char, std::char_traits<char>, std::allocator<char> >, int) (in /home/passenger/courseWSL/Controller/arm_controller/lib/libcontroller.so)
==9710==    by 0x161E38: ArmControllerServer::oneRun(std::__cxx11::basic_string<char, std::char_traits<char>, std::allocator<char> >, int, bool) (ArmControllerServer.cpp:81)
==9710==    by 0x15DA8E: main (main.cpp:14)
==9710==  Uninitialised value was created by a heap allocation
==9710==    at 0x4849013: operator new(unsigned long) (in /usr/libexec/valgrind/vgpreload_memcheck-amd64-linux.so)
==9710==    by 0x4D2F590: void std::vector<ArmTask, std::allocator<ArmTask> >::_M_realloc_insert<ArmTask>(__gnu_cxx::__normal_iterator<ArmTask*, std::vector<ArmTask, std::allocator<ArmTask> > >, ArmTask&&) (in /home/passenger/courseWSL/Controller/arm_controller/lib/libcontroller.so)
==9710==    by 0x4D2DD5D: JsonReader::parse_tasks() const (in /home/passenger/courseWSL/Controller/arm_controller/lib/libcontroller.so)
==9710==    by 0x4D0F9D2: ArmRACOS::ArmRACOS(JsonReader const&, std::vector<obs_type, std::allocator<obs_type> > const&, double (*)(Instance&), int) (in /home/passenger/courseWSL/Controller/arm_controller/lib/libcontroller.so)
==9710==    by 0x4D0ED90: arm_control(std::__cxx11::basic_string<char, std::char_traits<char>, std::allocator<char> >, int) (in /home/passenger/courseWSL/Controller/arm_controller/lib/libcontroller.so)
==9710==    by 0x161E38: ArmControllerServer::oneRun(std::__cxx11::basic_string<char, std::char_traits<char>, std::allocator<char> >, int, bool) (ArmControllerServer.cpp:81)
==9710==    by 0x15DA8E: main (main.cpp:14)
==9710== 
==9710== Conditional jump or move depends on uninitialised value(s)
==9710==    at 0x4D1F6C4: ArmRACOS::evaluate(Instance&) (in /home/passenger/courseWSL/Controller/arm_controller/lib/libcontroller.so)
==9710==    by 0x4D32932: Racos::Initialize() (in /home/passenger/courseWSL/Controller/arm_controller/lib/libcontroller.so)
==9710==    by 0x4D33679: Racos::Mix() (in /home/passenger/courseWSL/Controller/arm_controller/lib/libcontroller.so)
==9710==    by 0x4D1C892: ArmRACOS::run() (in /home/passenger/courseWSL/Controller/arm_controller/lib/libcontroller.so)
==9710==    by 0x4D0EDAA: arm_control(std::__cxx11::basic_string<char, std::char_traits<char>, std::allocator<char> >, int) (in /home/passenger/courseWSL/Controller/arm_controller/lib/libcontroller.so)
==9710==    by 0x161E38: ArmControllerServer::oneRun(std::__cxx11::basic_string<char, std::char_traits<char>, std::allocator<char> >, int, bool) (ArmControllerServer.cpp:81)
==9710==    by 0x15DA8E: main (main.cpp:14)
==9710==  Uninitialised value was created by a heap allocation
==9710==    at 0x4849013: operator new(unsigned long) (in /usr/libexec/valgrind/vgpreload_memcheck-amd64-linux.so)
==9710==    by 0x4D2F590: void std::vector<ArmTask, std::allocator<ArmTask> >::_M_realloc_insert<ArmTask>(__gnu_cxx::__normal_iterator<ArmTask*, std::vector<ArmTask, std::allocator<ArmTask> > >, ArmTask&&) (in /home/passenger/courseWSL/Controller/arm_controller/lib/libcontroller.so)
==9710==    by 0x4D2DD5D: JsonReader::parse_tasks() const (in /home/passenger/courseWSL/Controller/arm_controller/lib/libcontroller.so)
==9710==    by 0x4D0F9D2: ArmRACOS::ArmRACOS(JsonReader const&, std::vector<obs_type, std::allocator<obs_type> > const&, double (*)(Instance&), int) (in /home/passenger/courseWSL/Controller/arm_controller/lib/libcontroller.so)
==9710==    by 0x4D0ED90: arm_control(std::__cxx11::basic_string<char, std::char_traits<char>, std::allocator<char> >, int) (in /home/passenger/courseWSL/Controller/arm_controller/lib/libcontroller.so)
==9710==    by 0x161E38: ArmControllerServer::oneRun(std::__cxx11::basic_string<char, std::char_traits<char>, std::allocator<char> >, int, bool) (ArmControllerServer.cpp:81)
==9710==    by 0x15DA8E: main (main.cpp:14)
==9710== 
==9710== Conditional jump or move depends on uninitialised value(s)
==9710==    at 0x4D1F6DD: ArmRACOS::evaluate(Instance&) (in /home/passenger/courseWSL/Controller/arm_controller/lib/libcontroller.so)
==9710==    by 0x4D32932: Racos::Initialize() (in /home/passenger/courseWSL/Controller/arm_controller/lib/libcontroller.so)
==9710==    by 0x4D33679: Racos::Mix() (in /home/passenger/courseWSL/Controller/arm_controller/lib/libcontroller.so)
==9710==    by 0x4D1C892: ArmRACOS::run() (in /home/passenger/courseWSL/Controller/arm_controller/lib/libcontroller.so)
==9710==    by 0x4D0EDAA: arm_control(std::__cxx11::basic_string<char, std::char_traits<char>, std::allocator<char> >, int) (in /home/passenger/courseWSL/Controller/arm_controller/lib/libcontroller.so)
==9710==    by 0x161E38: ArmControllerServer::oneRun(std::__cxx11::basic_string<char, std::char_traits<char>, std::allocator<char> >, int, bool) (ArmControllerServer.cpp:81)
==9710==    by 0x15DA8E: main (main.cpp:14)
==9710==  Uninitialised value was created by a heap allocation
==9710==    at 0x4849013: operator new(unsigned long) (in /usr/libexec/valgrind/vgpreload_memcheck-amd64-linux.so)
==9710==    by 0x4D2F590: void std::vector<ArmTask, std::allocator<ArmTask> >::_M_realloc_insert<ArmTask>(__gnu_cxx::__normal_iterator<ArmTask*, std::vector<ArmTask, std::allocator<ArmTask> > >, ArmTask&&) (in /home/passenger/courseWSL/Controller/arm_controller/lib/libcontroller.so)
==9710==    by 0x4D2DD5D: JsonReader::parse_tasks() const (in /home/passenger/courseWSL/Controller/arm_controller/lib/libcontroller.so)
==9710==    by 0x4D0F9D2: ArmRACOS::ArmRACOS(JsonReader const&, std::vector<obs_type, std::allocator<obs_type> > const&, double (*)(Instance&), int) (in /home/passenger/courseWSL/Controller/arm_controller/lib/libcontroller.so)
==9710==    by 0x4D0ED90: arm_control(std::__cxx11::basic_string<char, std::char_traits<char>, std::allocator<char> >, int) (in /home/passenger/courseWSL/Controller/arm_controller/lib/libcontroller.so)
==9710==    by 0x161E38: ArmControllerServer::oneRun(std::__cxx11::basic_string<char, std::char_traits<char>, std::allocator<char> >, int, bool) (ArmControllerServer.cpp:81)
==9710==    by 0x15DA8E: main (main.cpp:14)
==9710== 
==9710== 
==9710== More than 10000000 total errors detected.  I'm not reporting any more.
==9710== Final error counts will be inaccurate.  Go fix your program!
==9710== Rerun with --error-limit=no to disable this cutoff.  Note
==9710== that errors may occur in your program without prior warning from
==9710== Valgrind, because errors are no longer being displayed.
==9710== 
==9710== Warning: set address range perms: large range [0x22945040, 0x3a945040) (undefined)
==9710== Warning: set address range perms: large range [0x59c87040, 0x89c87040) (undefined)
==9710== Warning: set address range perms: large range [0x22945028, 0x3a945058) (noaccess)
==9710== Warning: set address range perms: large range [0x89c88040, 0xe9c88040) (undefined)
==9710== Warning: set address range perms: large range [0x59c87028, 0x89c87058) (noaccess)
==9710== Warning: set address range perms: large range [0xe9c89040, 0x1a9c89040) (undefined)
